# __ Caracter
include __ Identificador
< __ OperadorRelacional
stdio __ Identificador
> __ OperadorRelacional
{ __ InicioBloque
230 __ Numero
230e-30 __ Numero
230e+30 __ Numero
230.30 __ Numero
e30 __ Identificador
230.30 __ Numero
e __ Identificador
- __ OperadorTermino
30 __ Numero
230.30 __ Numero
e __ Identificador
+ __ OperadorTermino
30 __ Numero
"hola mundo" __ Cadena
#64 __ Caracter
- __ OperadorTermino
'@' __ Caracter
radio __ Identificador
; __ FinSentencia
< __ OperadorRelacional
<> __ OperadorRelacional
> __ OperadorRelacional
! __ OperadorLogico
!= __ OperadorRelacional
== __ OperadorRelacional
= __ Asignacion
; __ FinSentencia
&& __ OperadorLogico
& __ Caracter
|| __ OperadorLogico
| __ Caracter
++ __ IncrementoTermino
+ __ OperadorTermino
- __ OperadorTermino
- __ OperadorTermino
- __ OperadorTermino
+= __ IncrementoTermino
-= __ IncrementoTermino
* __ OperadorFactor
*= __ IncrementoFactor
/= __ IncrementoFactor
% __ OperadorFactor
%= __ IncrementoFactor
"" __ Cadena
' ' __ Caracter
; __ FinSentencia

-----------------------------------

Líneas del archivo: 18
